
*** Running xst
    with args -ifn "mojo_top_0.xst" -ofn "mojo_top_0.srp" -intstyle ise

Reading design: mojo_top_0.prj

=========================================================================
*                          HDL Parsing                                  *
=========================================================================
Analyzing Verilog file "C:/Users/Henry Lee/Desktop/MyIO/work/planAhead/MyIO/MyIO.srcs/sources_1/imports/verilog/reset_conditioner_1.v" into library work
Parsing module <reset_conditioner_1>.
Analyzing Verilog file "C:/Users/Henry Lee/Desktop/MyIO/work/planAhead/MyIO/MyIO.srcs/sources_1/imports/verilog/blinker_2.v" into library work
Parsing module <blinker_2>.
Analyzing Verilog file "C:/Users/Henry Lee/Desktop/MyIO/work/planAhead/MyIO/MyIO.srcs/sources_1/imports/verilog/mojo_top_0.v" into library work
Parsing module <mojo_top_0>.

=========================================================================
*                            HDL Elaboration                            *
=========================================================================

Elaborating module <mojo_top_0>.

Elaborating module <reset_conditioner_1>.

Elaborating module <blinker_2>.

=========================================================================
*                           HDL Synthesis                               *
=========================================================================

Synthesizing Unit <mojo_top_0>.
    Related source file is "C:/Users/Henry Lee/Desktop/MyIO/work/planAhead/MyIO/MyIO.srcs/sources_1/imports/verilog/mojo_top_0.v".
    Found 1-bit register for signal <M_myFsm_q>.
    Found 20-bit register for signal <M_countTest_q>.
    Found 20-bit adder for signal <M_countTest_q[19]_GND_1_o_add_2_OUT> created at line 98.
    Found 1-bit tristate buffer for signal <spi_miso> created at line 57
    Found 1-bit tristate buffer for signal <spi_channel<3>> created at line 57
    Found 1-bit tristate buffer for signal <spi_channel<2>> created at line 57
    Found 1-bit tristate buffer for signal <spi_channel<1>> created at line 57
    Found 1-bit tristate buffer for signal <spi_channel<0>> created at line 57
    Found 1-bit tristate buffer for signal <avr_rx> created at line 57
    Found 1-bit comparator not equal for signal <n0003> created at line 97
    Found 1-bit comparator not equal for signal <n0010> created at line 97
    Summary:
	inferred   1 Adder/Subtractor(s).
	inferred  21 D-type flip-flop(s).
	inferred   2 Comparator(s).
	inferred   4 Multiplexer(s).
	inferred   6 Tristate(s).
Unit <mojo_top_0> synthesized.

Synthesizing Unit <reset_conditioner_1>.
    Related source file is "C:/Users/Henry Lee/Desktop/MyIO/work/planAhead/MyIO/MyIO.srcs/sources_1/imports/verilog/reset_conditioner_1.v".
    Found 4-bit register for signal <M_stage_q>.
    Summary:
	inferred   4 D-type flip-flop(s).
Unit <reset_conditioner_1> synthesized.

Synthesizing Unit <blinker_2>.
    Related source file is "C:/Users/Henry Lee/Desktop/MyIO/work/planAhead/MyIO/MyIO.srcs/sources_1/imports/verilog/blinker_2.v".
    Found 28-bit register for signal <M_counter_q>.
    Found 28-bit adder for signal <M_counter_d> created at line 25.
    Summary:
	inferred   1 Adder/Subtractor(s).
	inferred  28 D-type flip-flop(s).
Unit <blinker_2> synthesized.

=========================================================================
HDL Synthesis Report

Macro Statistics
# Adders/Subtractors                                   : 2
 20-bit adder                                          : 1
 28-bit adder                                          : 1
# Registers                                            : 4
 1-bit register                                        : 1
 20-bit register                                       : 1
 28-bit register                                       : 1
 4-bit register                                        : 1
# Comparators                                          : 2
 1-bit comparator not equal                            : 2
# Multiplexers                                         : 4
 1-bit 2-to-1 multiplexer                              : 3
 24-bit 2-to-1 multiplexer                             : 1
# Tristates                                            : 6
 1-bit tristate buffer                                 : 6
# Xors                                                 : 2
 1-bit xor2                                            : 2

=========================================================================

=========================================================================
*                       Advanced HDL Synthesis                          *
=========================================================================


Synthesizing (advanced) Unit <blinker_2>.
The following registers are absorbed into counter <M_counter_q>: 1 register on signal <M_counter_q>.
Unit <blinker_2> synthesized (advanced).

Synthesizing (advanced) Unit <mojo_top_0>.
The following registers are absorbed into counter <M_countTest_q>: 1 register on signal <M_countTest_q>.
Unit <mojo_top_0> synthesized (advanced).

=========================================================================
Advanced HDL Synthesis Report

Macro Statistics
# Counters                                             : 2
 20-bit up counter                                     : 1
 28-bit up counter                                     : 1
# Registers                                            : 5
 Flip-Flops                                            : 5
# Comparators                                          : 2
 1-bit comparator not equal                            : 2
# Multiplexers                                         : 4
 1-bit 2-to-1 multiplexer                              : 3
 24-bit 2-to-1 multiplexer                             : 1
# Xors                                                 : 2
 1-bit xor2                                            : 2

=========================================================================

=========================================================================
*                         Low Level Synthesis                           *
=========================================================================

Optimizing unit <mojo_top_0> ...

Mapping all equations...
Building and optimizing final netlist ...
Found area constraint ratio of 100 (+ 0) on block mojo_top_0, actual ratio is 1.

Final Macro Processing ...

Processing Unit <mojo_top_0> :
INFO:Xst:741 - HDL ADVISOR - A 4-bit shift register was found for signal <reset_cond/M_stage_q_3> and currently occupies 4 logic cells (2 slices). Removing the set/reset logic would take advantage of SRL32 (and derived) primitives and reduce this to 1 logic cells (1 slices). Evaluate if the set/reset can be removed for this simple shift register. The majority of simple pipeline structures do not need to be set/reset operationally.
Unit <mojo_top_0> processed.

=========================================================================
Final Register Report

Macro Statistics
# Registers                                            : 53
 Flip-Flops                                            : 53

=========================================================================

=========================================================================
*                           Partition Report                            *
=========================================================================

Partition Implementation Status
-------------------------------

  No Partitions were found in this design.

-------------------------------

=========================================================================
*                            Design Summary                             *
=========================================================================

Clock Information:
------------------
-----------------------------------+------------------------+-------+
Clock Signal                       | Clock buffer(FF name)  | Load  |
-----------------------------------+------------------------+-------+
clk                                | BUFGP                  | 53    |
-----------------------------------+------------------------+-------+

Asynchronous Control Signals Information:
----------------------------------------
No asynchronous control signals found in this design

Timing Summary:
---------------
Speed Grade: -2

   Minimum period: 3.395ns (Maximum Frequency: 294.594MHz)
   Minimum input arrival time before clock: 4.146ns
   Maximum output required time after clock: 5.646ns
   Maximum combinational path delay: No path found

=========================================================================
